make all --print-data-base --no-builtin-variables --no-builtin-rules --question
# GNU Make 3.81
# Copyright (C) 2006  Free Software Foundation, Inc.
# This is free software; see the source for copying conditions.
# There is NO warranty; not even for MERCHANTABILITY or FITNESS FOR A
# PARTICULAR PURPOSE.

# This program built for i386-apple-darwin11.3.0
 

# Make data base, printed on Sun Jul 24 20:26:13 2022

# Variables

# automatic
<D = $(patsubst %/,%,$(dir $<))
# automatic
 
?F = $(notdir $?)
# automatic
?D = $(patsubst %/,%,$(dir $?))
# environment
FLASK_APP = main
# automatic
@D = $(patsubst %/,%,$(dir $@))
# automatic
@F = $(notdir $@)
# makefile
CURDIR := /Users/frmessin/Documents/minishell/shell
# makefile
SHELL = /bin/sh
# environment
VSCODE_NLS_CONFIG = {"locale":"en-us","availableLanguages":{},"_languagePackSupport":true}
# environment
_ = /usr/bin/make
# makefile (from `Makefile', line 9)
CFLAGS = -g -Wall
# makefile (from `src/utils/split_utils.d', line 1)
MAKEFILE_LIST :=  Makefile src/enviroment/enviroment.d src/main.d src/minishell/minishell_env.d src/minishell/minishell_init.d src/process/input_processing.d src/process/parser/lexical_analyzer.d src/process/parser/semantic_analyzer.d src/process/parser/syntax_analyzer.d src/utils/general_utils.d src/utils/libft/ft_atoi.d src/utils/libft/ft_bzero.d src/utils/libft/ft_calloc.d src/utils/libft/ft_isalnum.d src/utils/libft/ft_isalpha.d src/utils/libft/ft_isascii.d src/utils/libft/ft_isdigit.d src/utils/libft/ft_isprint.d src/utils/libft/ft_itoa.d src/utils/libft/ft_lstadd_back.d src/utils/libft/ft_lstadd_front.d src/utils/libft/ft_lstclear.d src/utils/libft/ft_lstdelone.d src/utils/libft/ft_lstiter.d src/utils/libft/ft_lstlast.d src/utils/libft/ft_lstmap.d src/utils/libft/ft_lstnew.d src/utils/libft/ft_lstsize.d src/utils/libft/ft_memchr.d src/utils/libft/ft_memcmp.d src/utils/libft/ft_memcpy.d src/utils/libft/ft_memmove.d src/utils/libft/ft_memset.d src/utils/libft/ft_putchar_fd.d src/utils/libft/ft_putendl_fd.d src/utils/libft/ft_putnbr_fd.d src/utils/libft/ft_putstr_fd.d src/utils/libft/ft_split.d src/utils/libft/ft_strchr.d src/utils/libft/ft_strdup.d src/utils/libft/ft_striteri.d src/utils/libft/ft_strjoin.d src/utils/libft/ft_strlcat.d src/utils/libft/ft_strlcpy.d src/utils/libft/ft_strlen.d src/utils/libft/ft_strmapi.d src/utils/libft/ft_strncmp.d src/utils/libft/ft_strnstr.d src/utils/libft/ft_strrchr.d src/utils/libft/ft_strtrim.d src/utils/libft/ft_substr.d src/utils/libft/ft_tolower.d src/utils/libft/ft_toupper.d src/utils/libft/get_next_line.d src/utils/libft/get_next_line_utils.d src/utils/libft/printf/c_specifier.d src/utils/libft/printf/dui_specifier.d src/utils/libft/printf/ft_printf.d src/utils/libft/printf/others.d src/utils/libft/printf/percent_specifier.d src/utils/libft/printf/pxX_specifier.d src/utils/libft/printf/s_specifier.d src/utils/lists_utils.d src/utils/split_utils.d
# makefile (from `Makefile', line 3)
SOURCES = $(shell find . -name "*.c")
# environment
P9K_SSH = 0
# environment
VSCODE_CWD = /
# environment
PATH = /Users/frmessin/goinfre/.brew/bin:/Users/frmessin/goinfre/.brew/bin:/usr/local/bin:/usr/bin:/bin:/usr/sbin:/sbin:/usr/local/munki:/Users/frmessin/Library/Python/3.9/bin
# environment
LSCOLORS = Gxfxcxdxbxegedabagacad
# environment
LaunchInstanceID = 563B8971-F7CB-4C77-892A-325F42DD1B80
# environment
ELECTRON_RUN_AS_NODE = 1
# default
.FEATURES := target-specific order-only second-expansion else-if archives jobserver check-symlink
# makefile (from `Makefile', line 7)
DEPENDS = $(patsubst %.c, %.d, $(SOURCES))
# environment
SSH_AUTH_SOCK = /private/tmp/com.apple.launchd.r0tKUPrM6r/Listeners
# automatic
%F = $(notdir $%)
# environment
PWD = /Users/frmessin/Documents/minishell/shell
# environment
ORIGINAL_XDG_CURRENT_DESKTOP = undefined
# environment
VSCODE_AMD_ENTRYPOINT = vs/workbench/api/node/extensionHostProcess
# environment
HOME = /Users/frmessin
# default
MAKEFILEPATH := /Applications/Xcode.app/Contents/Developer/Makefiles
# environment
VSCODE_CODE_CACHE_PATH = /Users/frmessin/Library/Application Support/Code/CachedData/b06ae3b2d2dbfe28bca3134cc6be65935cdfea6a
# environment
LOGNAME = frmessin
# environment
APPLICATION_INSIGHTS_NO_DIAGNOSTIC_CHANNEL = true
# makefile (from `Makefile', line 4)
HEADERS = $(shell find . -name "*.h")
# environment
ZSH = /Users/frmessin/.oh-my-zsh
# environment
VSCODE_HANDLES_UNCAUGHT_ERRORS = true
# automatic
^D = $(patsubst %/,%,$(dir $^))
# environment
XPC_FLAGS = 0x0
# default
MAKE = $(MAKE_COMMAND)
# default
MAKECMDGOALS := all
# environment
SHLVL = 1
# environment
FLASK_ENV = development
# default
MAKE_VERSION := 3.81
# environment
USER = frmessin
# makefile
.DEFAULT_GOAL := all
# makefile (from `Makefile', line 1)
NAME = minishell
# environment
LESS = -R
# automatic
%D = $(patsubst %/,%,$(dir $%))
# default
MAKE_COMMAND := /Applications/Xcode.app/Contents/Developer/usr/bin/make
# default
.VARIABLES := 
# environment
TMPDIR = /var/folders/zz/zyxvpxvq6csfxvn_n000cbtr0032yp/T/
# automatic
*F = $(notdir $*)
# environment
VSCODE_IPC_HOOK = /Users/frmessin/Library/Application Support/Code/1.69.1-main.sock
# environment
MallocNanoZone = 0
# makefile
MAKEFLAGS = Rrqp
# environment
MFLAGS = -Rrqp
# automatic
*D = $(patsubst %/,%,$(dir $*))
# environment
XPC_SERVICE_NAME = com.apple.xpc.launchd.oneshot.0x1000000a.Electron
# automatic
+D = $(patsubst %/,%,$(dir $+))
# automatic
+F = $(notdir $+)
# environment
__CF_USER_TEXT_ENCODING = 0x18BD6:0x0:0x0
# environment
COMMAND_MODE = unix2003
# default
MAKEFILES := 
# automatic
<F = $(notdir $<)
# environment
PAGER = less
# environment
LC_ALL = C
# environment
SECURITYSESSIONID = 186c2
# automatic
^F = $(notdir $^)
# default
SUFFIXES := 
# default
.INCLUDE_DIRS = /usr/local/include
# environment
MAKELEVEL := 0
# makefile (from `Makefile', line 6)
OBJECTS = $(patsubst %.c, %.o, $(SOURCES))
# environment
LANG = C
# environment
VSCODE_PID = 54189
# variable set hash-table stats:
# Load=72/1024=7%, Rehash=0, Collisions=3/236=1%

# Pattern-specific Variable Values

# No pattern-specific variable values.

# Directories

# src/minishell (device 16777225, inode 2938865): No files, no impossibilities so far.
# . (device 16777225, inode 2938794): 10 files, no impossibilities.
# src/enviroment (device 16777225, inode 2938862): No files, no impossibilities so far.
# src/process (device 16777225, inode 2938868): No files, no impossibilities so far.
# src/process/parser (device 16777225, inode 2938870): No files, no impossibilities so far.
# src (device 16777225, inode 2938861): No files, no impossibilities so far.

# 10 files, no impossibilities in 6 directories.

# Implicit Rules

%.o: %.c
#  commands to execute (from `Makefile', line 14):
	@$(CC) -Iincludes $(CFLAGS) -MMD -MP -c $< -o $@
	

# 1 implicit rules, 0 (0.0%) terminal.

# Files

# Not a target:
src/utils/libft/ft_lstlast.c:
#  Implicit rule search has not been done.
#  Modification time never checked.
#  File has not been updated.

# Not a target:
src/utils/libft/ft_memchr.c:
#  Implicit rule search has not been done.
#  Modification time never checked.
#  File has not been updated.

src/utils/libft/ft_putnbr_fd.o: src/utils/libft/ft_putnbr_fd.c src/utils/libft/libft.h src/utils/libft/get_next_line.h
#  Implicit rule search has not been done.
#  Modification time never checked.
#  File has not been updated.

# Not a target:
src/utils/libft/ft_memset.c:
#  Implicit rule search has not been done.
#  Modification time never checked.
#  File has not been updated.

# Not a target:
src/utils/libft/ft_toupper.d:
#  A default, MAKEFILES, or -include/sinclude makefile.
#  Implicit rule search has been done.
#  Last modified 2022-07-22 20:38:51
#  File has been updated.
#  Successfully updated.
# variable set hash-table stats:
# Load=0/32=0%, Rehash=0, Collisions=0/0=0%

src/utils/libft/get_next_line_utils.o: src/utils/libft/get_next_line_utils.c src/utils/libft/get_next_line.h src/utils/libft/libft.h
#  Implicit rule search has not been done.
#  Modification time never checked.
#  File has not been updated.

# Not a target:
src/utils/libft/printf/percent_specifier.c:
#  Implicit rule search has not been done.
#  Modification time never checked.
#  File has not been updated.

src/utils/libft/ft_calloc.o: src/utils/libft/ft_calloc.c src/utils/libft/libft.h src/utils/libft/get_next_line.h
#  Implicit rule search has not been done.
#  Modification time never checked.
#  File has not been updated.

# Not a target:
src/process/parser/lexical_analyzer.d:
#  A default, MAKEFILES, or -include/sinclude makefile.
#  Implicit rule search has been done.
#  Last modified 2022-07-22 20:38:49
 
#  File has been updated.
#  Successfully updated.
# variable set hash-table stats:
# Load=0/32=0%, Rehash=0, Collisions=0/0=0%

src/utils/libft/ft_substr.o: src/utils/libft/ft_substr.c src/utils/libft/libft.h src/utils/libft/get_next_line.h
#  Implicit rule search has not been done.
#  Modification time never checked.
#  File has not been updated.

# Not a target:
src/utils/libft/ft_strnstr.d:
#  A default, MAKEFILES, or -include/sinclude makefile.
#  Implicit rule search has been done.
#  Last modified 2022-07-22 20:38:51
#  File has been updated.
#  Successfully updated.
# variable set hash-table stats:
# Load=0/32=0%, Rehash=0, Collisions=0/0=0%

# Not a target:
src/utils/libft/ft_putstr_fd.d:
#  A default, MAKEFILES, or -include/sinclude makefile.
#  Implicit rule search has been done.
#  Last modified 2022-07-22 20:38:50
#  File has been updated.
#  Successfully updated.
# variable set hash-table stats:
# Load=0/32=0%, Rehash=0, Collisions=0/0=0%

# Not a target:
src/utils/libft/printf/others.d:
#  A default, MAKEFILES, or -include/sinclude makefile.
#  Implicit rule search has been done.
#  Last modified 2022-07-22 20:38:51
#  File has been updated.
#  Successfully updated.
# variable set hash-table stats:
# Load=0/32=0%, Rehash=0, Collisions=0/0=0%

# Not a target:
src/utils/libft/ft_tolower.c:
#  Implicit rule search has not been done.
#  Modification time never checked.
#  File has not been updated.

# Not a target:
src/utils/libft/ft_isdigit.d:
#  A default, MAKEFILES, or -include/sinclude makefile.
#  Implicit rule search has been done.
#  Last modified 2022-07-22 20:38:49
#  File has been updated.
#  Successfully updated.
# variable set hash-table stats:
# Load=0/32=0%, Rehash=0, Collisions=0/0=0%

# Not a target:
src/utils/libft/ft_strrchr.c:
#  Implicit rule search has not been done.
#  Modification time never checked.
#  File has not been updated.

# Not a target:
src/utils/general_utils.d:
#  A default, MAKEFILES, or -include/sinclude makefile.
#  Implicit rule search has been done.
#  Last modified 2022-07-22 20:38:49
#  File has been updated.
#  Successfully updated.
# variable set hash-table stats:
# Load=0/32=0%, Rehash=0, Collisions=0/0=0%

# Not a target:
src/utils/libft/ft_strjoin.c:
#  Implicit rule search has not been done.
#  Modification time never checked.
#  File has not been updated.

# Not a target:
src/utils/libft/ft_split.c:
#  Implicit rule search has not been done.
#  Modification time never checked.
#  File has not been updated.

# Not a target:
src/utils/libft/ft_lstclear.c:
#  Implicit rule search has not been done.
#  Modification time never checked.
#  File has not been updated.

# Not a target:
src/utils/libft/get_next_line.d:
#  A default, MAKEFILES, or -include/sinclude makefile.
#  Implicit rule search has been done.
#  Last modified 2022-07-22 20:38:51
#  File has been updated.
#  Successfully updated.
# variable set hash-table stats:
# Load=0/32=0%, Rehash=0, Collisions=0/0=0%

includes/parser.h:
#  Implicit rule search has been done.
#  Last modified 2022-07-22 17:57:08
#  File has been updated.
#  Successfully updated.
# variable set hash-table stats:
# Load=0/32=0%, Rehash=0, Collisions=0/0=0%

src/utils/libft/ft_isalpha.o: src/utils/libft/ft_isalpha.c src/utils/libft/libft.h src/utils/libft/get_next_line.h
#  Implicit rule search has not been done.
#  Modification time never checked.
#  File has not been updated.

all: minishell
#  Phony target (prerequisite of .PHONY).
#  Command-line target.
#  Implicit rule search has not been done.
#  File does not exist.
#  File has been updated.
#  Needs to be updated (-q is set).
# variable set hash-table stats:
# Load=0/32=0%, Rehash=0, Collisions=0/4=0%

src/utils/libft/ft_lstsize.o: src/utils/libft/ft_lstsize.c src/utils/libft/libft.h src/utils/libft/get_next_line.h
#  Implicit rule search has not been done.
#  Modification time never checked.
#  File has not been updated.

# Not a target:
src/utils/libft/printf/dui_specifier.d:
#  A default, MAKEFILES, or -include/sinclude makefile.
#  Implicit rule search has been done.
#  Last modified 2022-07-22 20:38:51
#  File has been updated.
#  Successfully updated.
# variable set hash-table stats:
# Load=0/32=0%, Rehash=0, Collisions=0/0=0%

# Not a target:
src/process/parser/syntax_analyzer.c:
#  Implicit rule search has not been done.
#  Modification time never checked.
#  File has not been updated.

# Not a target:
src/utils/libft/printf/c_specifier.d:
#  A default, MAKEFILES, or -include/sinclude makefile.
#  Implicit rule search has been done.
#  Last modified 2022-07-22 20:38:51
#  File has been updated.
#  Successfully updated.
# variable set hash-table stats:
# Load=0/32=0%, Rehash=0, Collisions=0/0=0%

# Not a target:
src/process/parser/semantic_analyzer.d:
#  A default, MAKEFILES, or -include/sinclude makefile.
#  Implicit rule search has been done.
#  Last modified 2022-07-22 20:38:49
#  File has been updated.
#  Successfully updated.
# variable set hash-table stats:
# Load=0/32=0%, Rehash=0, Collisions=0/0=0%

.PHONY: re run fclean clean all
#  Implicit rule search has not been done.
#  Modification time never checked.
#  File has not been updated.

# Not a target:
src/utils/libft/ft_strlcat.c:
#  Implicit rule search has not been done.
#  Modification time never checked.
#  File has not been updated.

# Not a target:
src/utils/libft/ft_putchar_fd.d:
#  A default, MAKEFILES, or -include/sinclude makefile.
#  Implicit rule search has been done.
#  Last modified 2022-07-22 20:38:50
#  File has been updated.
#  Successfully updated.
# variable set hash-table stats:
# Load=0/32=0%, Rehash=0, Collisions=0/0=0%

# Not a target:
src/utils/libft/ft_atoi.d:
#  A default, MAKEFILES, or -include/sinclude makefile.
#  Implicit rule search has been done.
#  Last modified 2022-07-22 20:38:49
#  File has been updated.
#  Successfully updated.
# variable set hash-table stats:
# Load=0/32=0%, Rehash=0, Collisions=0/0=0%

src/main.o: src/main.c src/main.c includes/minishell.h includes/../src/utils/libft/libft.h includes/../src/utils/libft/get_next_line.h includes/utils.h includes/parser.h
#  Implicit rule search has been done.
#  Implicit/static pattern stem: `src/main'
#  Last modified 2022-07-22 20:38:48
#  File has been updated.
#  Successfully updated.
# variable set hash-table stats:
# Load=0/32=0%, Rehash=0, Collisions=0/0=0%
#  commands to execute (from `Makefile', line 14):
	@$(CC) -Iincludes $(CFLAGS) -MMD -MP -c $< -o $@
	

# Not a target:
src/utils/libft/ft_bzero.c:
#  Implicit rule search has not been done.
#  Modification time never checked.
#  File has not been updated.

src/utils/libft/ft_strlcpy.o: src/utils/libft/ft_strlcpy.c src/utils/libft/libft.h src/utils/libft/get_next_line.h
#  Implicit rule search has not been done.
#  Modification time never checked.
#  File has not been updated.

# Not a target:
src/utils/libft/ft_strtrim.d:
#  A default, MAKEFILES, or -include/sinclude makefile.
#  Implicit rule search has been done.
#  Last modified 2022-07-22 20:38:51
#  File has been updated.
#  Successfully updated.
# variable set hash-table stats:
# Load=0/32=0%, Rehash=0, Collisions=0/0=0%

# Not a target:
src/utils/libft/ft_isprint.c:
#  Implicit rule search has not been done.
#  Modification time never checked.
#  File has not been updated.

# Not a target:
src/utils/lists_utils.c:
#  Implicit rule search has not been done.
#  Modification time never checked.
#  File has not been updated.

src/utils/libft/ft_lstmap.o: src/utils/libft/ft_lstmap.c src/utils/libft/libft.h src/utils/libft/get_next_line.h
#  Implicit rule search has not been done.
#  Modification time never checked.
#  File has not been updated.

src/utils/libft/printf/ft_printf.o: src/utils/libft/printf/ft_printf.c src/utils/libft/printf/ft_printf.h src/utils/libft/printf/../libft.h src/utils/libft/printf/../get_next_line.h
#  Implicit rule search has not been done.
#  Modification time never checked.
#  File has not been updated.

 
src/enviroment/enviroment.o: src/enviroment/enviroment.c src/enviroment/enviroment.c includes/minishell.h includes/../src/utils/libft/libft.h includes/../src/utils/libft/get_next_line.h includes/utils.h includes/parser.h
#  Implicit rule search has been done.
#  Implicit/static pattern stem: `src/enviroment/enviroment'
#  Last modified 2022-07-22 20:38:48
#  File has been updated.
#  Successfully updated.
# variable set hash-table stats:
# Load=0/32=0%, Rehash=0, Collisions=0/0=0%
#  commands to execute (from `Makefile', line 14):
	@$(CC) -Iincludes $(CFLAGS) -MMD -MP -c $< -o $@
	

src/utils/libft/ft_strncmp.o: src/utils/libft/ft_strncmp.c src/utils/libft/libft.h src/utils/libft/get_next_line.h
#  Implicit rule search has not been done.
#  Modification time never checked.
#  File has not been updated.

# Not a target:
src/utils/libft/ft_lstadd_back.d:
#  A default, MAKEFILES, or -include/sinclude makefile.
#  Implicit rule search has been done.
#  Last modified 2022-07-22 20:38:49
#  File has been updated.
#  Successfully updated.
# variable set hash-table stats:
# Load=0/32=0%, Rehash=0, Collisions=0/0=0%

includes/../src/utils/libft/get_next_line.h:
#  Implicit rule search has been done.
#  Last modified 2022-07-22 17:57:08
#  File has been updated.
#  Successfully updated.
# variable set hash-table stats:
# Load=0/32=0%, Rehash=0, Collisions=0/0=0%

src/minishell/minishell_init.o: src/minishell/minishell_init.c src/minishell/minishell_init.c includes/minishell.h includes/../src/utils/libft/libft.h includes/../src/utils/libft/get_next_line.h includes/utils.h includes/parser.h
#  Implicit rule search has been done.
#  Implicit/static pattern stem: `src/minishell/minishell_init'
#  Last modified 2022-07-22 20:38:48
#  File has been updated.
#  Successfully updated.
# variable set hash-table stats:
# Load=0/32=0%, Rehash=0, Collisions=0/0=0%
#  commands to execute (from `Makefile', line 14):
	@$(CC) -Iincludes $(CFLAGS) -MMD -MP -c $< -o $@
	

src/utils/libft/ft_isalnum.o: src/utils/libft/ft_isalnum.c src/utils/libft/libft.h src/utils/libft/get_next_line.h
#  Implicit rule search has not been done.
#  Modification time never checked.
#  File has not been updated.

# Not a target:
src/utils/libft/printf/percent_specifier.d:
#  A default, MAKEFILES, or -include/sinclude makefile.
#  Implicit rule search has been done.
#  Last modified 2022-07-22 20:38:51
#  File has been updated.
#  Successfully updated.
# variable set hash-table stats:
# Load=0/32=0%, Rehash=0, Collisions=0/0=0%

# Not a target:
src/utils/libft/printf/s_specifier.d:
#  A default, MAKEFILES, or -include/sinclude makefile.
#  Implicit rule search has been done.
#  Last modified 2022-07-22 20:38:51
#  File has been updated.
#  Successfully updated.
# variable set hash-table stats:
# Load=0/32=0%, Rehash=0, Collisions=0/0=0%

# Not a target:
src/utils/split_utils.d:
#  A default, MAKEFILES, or -include/sinclude makefile.
#  Implicit rule search has been done.
#  Last modified 2022-07-22 20:38:51
#  File has been updated.
#  Successfully updated.
# variable set hash-table stats:
# Load=0/32=0%, Rehash=0, Collisions=0/0=0%

src/utils/libft/ft_lstadd_front.o: src/utils/libft/ft_lstadd_front.c src/utils/libft/libft.h src/utils/libft/get_next_line.h
#  Implicit rule search has not been done.
#  Modification time never checked.
#  File has not been updated.

# Not a target:
src/utils/libft/ft_putendl_fd.d:
#  A default, MAKEFILES, or -include/sinclude makefile.
#  Implicit rule search has been done.
#  Last modified 2022-07-22 20:38:50
#  File has been updated.
#  Successfully updated.
# variable set hash-table stats:
# Load=0/32=0%, Rehash=0, Collisions=0/0=0%

# Not a target:
src/utils/libft/ft_strmapi.d:
#  A default, MAKEFILES, or -include/sinclude makefile.
#  Implicit rule search has been done.
#  Last modified 2022-07-22 20:38:50
#  File has been updated.
#  Successfully updated.
# variable set hash-table stats:
# Load=0/32=0%, Rehash=0, Collisions=0/0=0%

# Not a target:
src/utils/libft/ft_lstiter.d:
#  A default, MAKEFILES, or -include/sinclude makefile.
#  Implicit rule search has been done.
#  Last modified 2022-07-22 20:38:49
#  File has been updated.
#  Successfully updated.
# variable set hash-table stats:
# Load=0/32=0%, Rehash=0, Collisions=0/0=0%

# Not a target:
.SUFFIXES:
#  Implicit rule search has not been done.
#  Modification time never checked.
#  File has not been updated.

src/utils/libft/ft_strdup.o: src/utils/libft/ft_strdup.c src/utils/libft/libft.h src/utils/libft/get_next_line.h
#  Implicit rule search has not been done.
#  Modification time never checked.
#  File has not been updated.

src/utils/libft/ft_lstdelone.o: src/utils/libft/ft_lstdelone.c src/utils/libft/libft.h src/utils/libft/get_next_line.h
#  Implicit rule search has not been done.
#  Modification time never checked.
#  File has not been updated.

# Not a target:
Makefile:
#  Implicit rule search has been done.
#  Last modified 2022-07-22 17:57:08
#  File has been updated.
#  Successfully updated.
# variable set hash-table stats:
# Load=0/32=0%, Rehash=0, Collisions=0/0=0%

src/utils/libft/ft_strchr.o: src/utils/libft/ft_strchr.c src/utils/libft/libft.h src/utils/libft/get_next_line.h
#  Implicit rule search has not been done.
#  Modification time never checked.
#  File has not been updated.

# Not a target:
src/process/input_processing.c:
#  Implicit rule search has been done.
#  Last modified 2022-07-22 17:57:08
#  File has been updated.
#  Successfully updated.
# variable set hash-table stats:
# Load=0/32=0%, Rehash=0, Collisions=0/0=0%

# Not a target:
src/utils/libft/ft_lstnew.c:
#  Implicit rule search has not been done.
#  Modification time never checked.
#  File has not been updated.

# Not a target:
src/utils/libft/ft_memcpy.d:
#  A default, MAKEFILES, or -include/sinclude makefile.
#  Implicit rule search has been done.
#  Last modified 2022-07-22 20:38:50
#  File has been updated.
#  Successfully updated.
# variable set hash-table stats:
# Load=0/32=0%, Rehash=0, Collisions=0/0=0%

# Not a target:
src/utils/libft/ft_itoa.d:
#  A default, MAKEFILES, or -include/sinclude makefile.
#  Implicit rule search has been done.
#  Last modified 2022-07-22 20:38:49
#  File has been updated.
#  Successfully updated.
# variable set hash-table stats:
# Load=0/32=0%, Rehash=0, Collisions=0/0=0%

src/utils/libft/ft_toupper.o: src/utils/libft/ft_toupper.c src/utils/libft/libft.h src/utils/libft/get_next_line.h
#  Implicit rule search has not been done.
#  Modification time never checked.
#  File has not been updated.

# Not a target:
src/utils/libft/ft_memcmp.d:
#  A default, MAKEFILES, or -include/sinclude makefile.
#  Implicit rule search has been done.
#  Last modified 2022-07-22 20:38:50
#  File has been updated.
#  Successfully updated.
# variable set hash-table stats:
# Load=0/32=0%, Rehash=0, Collisions=0/0=0%

# Not a target:
src/utils/libft/ft_strlen.d:
#  A default, MAKEFILES, or -include/sinclude makefile.
#  Implicit rule search has been done.
#  Last modified 2022-07-22 20:38:50
#  File has been updated.
#  Successfully updated.
# variable set hash-table stats:
# Load=0/32=0%, Rehash=0, Collisions=0/0=0%

src/utils/libft/printf/../get_next_line.h:
#  Implicit rule search has not been done.
#  Modification time never checked.
#  File has not been updated.

src/utils/libft/libft.h:
#  Implicit rule search has not been done.
#  Modification time never checked.
#  File has not been updated.

src/utils/libft/ft_memmove.o: src/utils/libft/ft_memmove.c src/utils/libft/libft.h src/utils/libft/get_next_line.h
#  Implicit rule search has not been done.
#  Modification time never checked.
#  File has not been updated.

src/process/parser/lexical_analyzer.o: src/process/parser/lexical_analyzer.c includes/minishell.h includes/../src/utils/libft/libft.h includes/../src/utils/libft/get_next_line.h includes/utils.h includes/parser.h
#  Implicit rule search has been done.
#  Implicit/static pattern stem: `src/process/parser/lexical_analyzer'
#  Last modified 2022-07-22 20:38:49
#  File has been updated.
#  Needs to be updated (-q is set).
# automatic
# @ := src/process/parser/lexical_analyzer.o
 
# automatic
# % := 
# automatic
# * := src/process/parser/lexical_analyzer
# automatic
# + := src/process/parser/lexical_analyzer.c src/process/parser/lexical_analyzer.c includes/minishell.h includes/../src/utils/libft/libft.h includes/../src/utils/libft/get_next_line.h includes/utils.h includes/parser.h
# automatic
# | := 
# automatic
# < := src/process/parser/lexical_analyzer.c
# automatic
# ^ := src/process/parser/lexical_analyzer.c includes/minishell.h includes/../src/utils/libft/libft.h includes/../src/utils/libft/get_next_line.h includes/utils.h includes/parser.h
# automatic
# ? := src/process/parser/lexical_analyzer.c
# variable set hash-table stats:
# Load=8/32=25%, Rehash=0, Collisions=1/14=7%
#  commands to execute (from `Makefile', line 14):
	@$(CC) -Iincludes $(CFLAGS) -MMD -MP -c $< -o $@
	

src/utils/split_utils.o: src/utils/split_utils.c src/utils/libft/libft.h src/utils/libft/get_next_line.h includes/parser.h includes/minishell.h includes/../src/utils/libft/libft.h includes/utils.h includes/../src/utils/libft/get_next_line.h
#  Implicit rule search has not been done.
#  Modification time never checked.
#  File has not been updated.

src/utils/libft/ft_strnstr.o: src/utils/libft/ft_strnstr.c src/utils/libft/libft.h src/utils/libft/get_next_line.h
#  Implicit rule search has not been done.
#  Modification time never checked.
#  File has not been updated.

src/utils/libft/ft_putstr_fd.o: src/utils/libft/ft_putstr_fd.c src/utils/libft/libft.h src/utils/libft/get_next_line.h
#  Implicit rule search has not been done.
#  Modification time never checked.
#  File has not been updated.

# Not a target:
src/utils/libft/ft_putnbr_fd.c:
#  Implicit rule search has not been done.
#  Modification time never checked.
#  File has not been updated.

# Not a target:
src/utils/libft/ft_lstlast.d:
#  A default, MAKEFILES, or -include/sinclude makefile.
#  Implicit rule search has been done.
#  Last modified 2022-07-22 20:38:49
#  File has been updated.
#  Successfully updated.
# variable set hash-table stats:
# Load=0/32=0%, Rehash=0, Collisions=0/0=0%

# Not a target:
src/utils/libft/ft_memchr.d:
#  A default, MAKEFILES, or -include/sinclude makefile.
#  Implicit rule search has been done.
#  Last modified 2022-07-22 20:38:50
#  File has been updated.
#  Successfully updated.
# variable set hash-table stats:
# Load=0/32=0%, Rehash=0, Collisions=0/0=0%

src/utils/general_utils.o: src/utils/general_utils.c includes/minishell.h includes/../src/utils/libft/libft.h includes/../src/utils/libft/get_next_line.h includes/utils.h includes/parser.h
#  Implicit rule search has not been done.
#  Modification time never checked.
#  File has not been updated.

# Not a target:
src/utils/libft/ft_memset.d:
#  A default, MAKEFILES, or -include/sinclude makefile.
#  Implicit rule search has been done.
#  Last modified 2022-07-22 20:38:50
#  File has been updated.
#  Successfully updated.
# variable set hash-table stats:
# Load=0/32=0%, Rehash=0, Collisions=0/0=0%

src/utils/libft/get_next_line.o: src/utils/libft/get_next_line.c src/utils/libft/get_next_line.h src/utils/libft/libft.h
#  Implicit rule search has not been done.
#  Modification time never checked.
#  File has not been updated.

# Not a target:
src/utils/libft/ft_calloc.c:
#  Implicit rule search has not been done.
#  Modification time never checked.
#  File has not been updated.

src/utils/libft/printf/others.o: src/utils/libft/printf/others.c src/utils/libft/printf/ft_printf.h src/utils/libft/printf/../libft.h src/utils/libft/printf/../get_next_line.h
#  Implicit rule search has not been done.
#  Modification time never checked.
#  File has not been updated.

# Not a target:
src/utils/libft/ft_substr.c:
#  Implicit rule search has not been done.
#  Modification time never checked.
#  File has not been updated.

src/utils/libft/printf/dui_specifier.o: src/utils/libft/printf/dui_specifier.c src/utils/libft/printf/ft_printf.h src/utils/libft/printf/../libft.h src/utils/libft/printf/../get_next_line.h
#  Implicit rule search has not been done.
#  Modification time never checked.
#  File has not been updated.

src/utils/libft/printf/c_specifier.o: src/utils/libft/printf/c_specifier.c src/utils/libft/printf/ft_printf.h src/utils/libft/printf/../libft.h src/utils/libft/printf/../get_next_line.h
#  Implicit rule search has not been done.
#  Modification time never checked.
#  File has not been updated.

src/process/parser/semantic_analyzer.o: src/process/parser/semantic_analyzer.c includes/minishell.h includes/../src/utils/libft/libft.h includes/../src/utils/libft/get_next_line.h includes/utils.h includes/parser.h
#  Implicit rule search has not been done.
#  Modification time never checked.
#  File has not been updated.

minishell: src/enviroment/enviroment.o src/main.o src/minishell/minishell_env.o src/minishell/minishell_init.o src/process/input_processing.o src/process/parser/lexical_analyzer.o src/process/parser/semantic_analyzer.o src/process/parser/syntax_analyzer.o src/utils/general_utils.o src/utils/libft/ft_atoi.o src/utils/libft/ft_bzero.o src/utils/libft/ft_calloc.o src/utils/libft/ft_isalnum.o src/utils/libft/ft_isalpha.o src/utils/libft/ft_isascii.o src/utils/libft/ft_isdigit.o src/utils/libft/ft_isprint.o src/utils/libft/ft_itoa.o src/utils/libft/ft_lstadd_back.o src/utils/libft/ft_lstadd_front.o src/utils/libft/ft_lstclear.o src/utils/libft/ft_lstdelone.o src/utils/libft/ft_lstiter.o src/utils/libft/ft_lstlast.o src/utils/libft/ft_lstmap.o src/utils/libft/ft_lstnew.o src/utils/libft/ft_lstsize.o src/utils/libft/ft_memchr.o src/utils/libft/ft_memcmp.o src/utils/libft/ft_memcpy.o src/utils/libft/ft_memmove.o src/utils/libft/ft_memset.o src/utils/libft/ft_putchar_fd.o src/utils/libft/ft_putendl_fd.o src/utils/libft/ft_putnbr_fd.o src/utils/libft/ft_putstr_fd.o src/utils/libft/ft_split.o src/utils/libft/ft_strchr.o src/utils/libft/ft_strdup.o src/utils/libft/ft_striteri.o src/utils/libft/ft_strjoin.o src/utils/libft/ft_strlcat.o src/utils/libft/ft_strlcpy.o src/utils/libft/ft_strlen.o src/utils/libft/ft_strmapi.o src/utils/libft/ft_strncmp.o src/utils/libft/ft_strnstr.o src/utils/libft/ft_strrchr.o src/utils/libft/ft_strtrim.o src/utils/libft/ft_substr.o src/utils/libft/ft_tolower.o src/utils/libft/ft_toupper.o src/utils/libft/get_next_line.o src/utils/libft/get_next_line_utils.o src/utils/libft/printf/c_specifier.o src/utils/libft/printf/dui_specifier.o src/utils/libft/printf/ft_printf.o src/utils/libft/printf/others.o src/utils/libft/printf/percent_specifier.o src/utils/libft/printf/pxX_specifier.o src/utils/libft/printf/s_specifier.o src/utils/lists_utils.o src/utils/split_utils.o
#  Implicit rule search has not been done.
#  Last modified 2022-07-22 20:38:51
#  File has been updated.
#  Needs to be updated (-q is set).
# variable set hash-table stats:
# Load=0/32=0%, Rehash=0, Collisions=0/4=0%
#  commands to execute (from `Makefile', line 17):
	@echo "Dependencies Compiled !"
	@$(CC) -Iincludes $(OBJECTS) $(LDFLAGS) -o $(NAME)
	@echo "Compiled !"
	

# Not a target:
src/utils/libft/ft_tolower.d:
#  A default, MAKEFILES, or -include/sinclude makefile.
#  Implicit rule search has been done.
#  Last modified 2022-07-22 20:38:51
#  File has been updated.
#  Successfully updated.
# variable set hash-table stats:
# Load=0/32=0%, Rehash=0, Collisions=0/0=0%

src/utils/libft/ft_putchar_fd.o: src/utils/libft/ft_putchar_fd.c src/utils/libft/libft.h src/utils/libft/get_next_line.h
#  Implicit rule search has not been done.
#  Modification time never checked.
#  File has not been updated.

# Not a target:
src/utils/libft/ft_strrchr.d:
#  A default, MAKEFILES, or -include/sinclude makefile.
#  Implicit rule search has been done.
#  Last modified 2022-07-22 20:38:51
#  File has been updated.
#  Successfully updated.
# variable set hash-table stats:
# Load=0/32=0%, Rehash=0, Collisions=0/0=0%

# Not a target:
src/utils/libft/printf/pxX_specifier.c:
#  Implicit rule search has not been done.
#  Modification time never checked.
#  File has not been updated.

# Not a target:
src/utils/libft/ft_strjoin.d:
#  A default, MAKEFILES, or -include/sinclude makefile.
#  Implicit rule search has been done.
 
#  Last modified 2022-07-22 20:38:50
#  File has been updated.
#  Successfully updated.
# variable set hash-table stats:
# Load=0/32=0%, Rehash=0, Collisions=0/0=0%

src/utils/libft/ft_atoi.o: src/utils/libft/ft_atoi.c src/utils/libft/libft.h src/utils/libft/get_next_line.h
#  Implicit rule search has not been done.
#  Modification time never checked.
#  File has not been updated.

# Not a target:
src/utils/libft/ft_split.d:
#  A default, MAKEFILES, or -include/sinclude makefile.
#  Implicit rule search has been done.
#  Last modified 2022-07-22 20:38:50
#  File has been updated.
#  Successfully updated.
# variable set hash-table stats:
# Load=0/32=0%, Rehash=0, Collisions=0/0=0%

# Not a target:
src/utils/libft/ft_lstclear.d:
#  A default, MAKEFILES, or -include/sinclude makefile.
#  Implicit rule search has been done.
#  Last modified 2022-07-22 20:38:49
#  File has been updated.
#  Successfully updated.
# variable set hash-table stats:
# Load=0/32=0%, Rehash=0, Collisions=0/0=0%

# Not a target:
src/utils/libft/ft_lstsize.c:
#  Implicit rule search has not been done.
#  Modification time never checked.
#  File has not been updated.

# Not a target:
src/utils/lists_utils.d:
#  A default, MAKEFILES, or -include/sinclude makefile.
#  Implicit rule search has been done.
#  Last modified 2022-07-22 20:38:51
#  File has been updated.
#  Successfully updated.
# variable set hash-table stats:
# Load=0/32=0%, Rehash=0, Collisions=0/0=0%

src/utils/libft/ft_strtrim.o: src/utils/libft/ft_strtrim.c src/utils/libft/libft.h src/utils/libft/get_next_line.h
#  Implicit rule search has not been done.
#  Modification time never checked.
#  File has not been updated.

fclean: clean
#  Phony target (prerequisite of .PHONY).
#  Implicit rule search has not been done.
#  File does not exist.
#  File has not been updated.
#  commands to execute (from `Makefile', line 26):
	-@$(RM) $(NAME)
	

# Not a target:
src/process/parser/syntax_analyzer.d:
#  A default, MAKEFILES, or -include/sinclude makefile.
#  Implicit rule search has been done.
#  Last modified 2022-07-22 20:38:49
#  File has been updated.
#  Successfully updated.
# variable set hash-table stats:
# Load=0/32=0%, Rehash=0, Collisions=0/0=0%

# Not a target:
src/utils/libft/ft_strlcat.d:
#  A default, MAKEFILES, or -include/sinclude makefile.
#  Implicit rule search has been done.
#  Last modified 2022-07-22 20:38:50
#  File has been updated.
#  Successfully updated.
# variable set hash-table stats:
# Load=0/32=0%, Rehash=0, Collisions=0/0=0%

# Not a target:
src/main.c:
#  Implicit rule search has been done.
#  Last modified 2022-07-22 20:38:44
#  File has been updated.
#  Successfully updated.
# variable set hash-table stats:
# Load=0/32=0%, Rehash=0, Collisions=0/0=0%

src/utils/libft/ft_lstadd_back.o: src/utils/libft/ft_lstadd_back.c src/utils/libft/libft.h src/utils/libft/get_next_line.h
#  Implicit rule search has not been done.
#  Modification time never checked.
#  File has not been updated.

# Not a target:
src/utils/libft/printf/s_specifier.c:
#  Implicit rule search has not been done.
#  Modification time never checked.
#  File has not been updated.

# Not a target:
src/utils/libft/ft_isascii.d:
#  A default, MAKEFILES, or -include/sinclude makefile.
#  Implicit rule search has been done.
#  Last modified 2022-07-22 20:38:49
#  File has been updated.
#  Successfully updated.
# variable set hash-table stats:
# Load=0/32=0%, Rehash=0, Collisions=0/0=0%

# Not a target:
src/utils/libft/ft_strlcpy.c:
#  Implicit rule search has not been done.
#  Modification time never checked.
#  File has not been updated.

# Not a target:
src/utils/libft/ft_bzero.d:
#  A default, MAKEFILES, or -include/sinclude makefile.
#  Implicit rule search has been done.
#  Last modified 2022-07-22 20:38:49
#  File has been updated.
#  Successfully updated.
# variable set hash-table stats:
# Load=0/32=0%, Rehash=0, Collisions=0/0=0%

# Not a target:
src/utils/libft/get_next_line_utils.c:
#  Implicit rule search has not been done.
#  Modification time never checked.
#  File has not been updated.

src/utils/libft/ft_putendl_fd.o: src/utils/libft/ft_putendl_fd.c src/utils/libft/libft.h src/utils/libft/get_next_line.h
#  Implicit rule search has not been done.
#  Modification time never checked.
#  File has not been updated.

# Not a target:
src/utils/libft/ft_isprint.d:
#  A default, MAKEFILES, or -include/sinclude makefile.
#  Implicit rule search has been done.
#  Last modified 2022-07-22 20:38:49
#  File has been updated.
#  Successfully updated.
# variable set hash-table stats:
# Load=0/32=0%, Rehash=0, Collisions=0/0=0%

# Not a target:
src/utils/libft/printf/ft_printf.c:
#  Implicit rule search has not been done.
#  Modification time never checked.
#  File has not been updated.

src/utils/libft/ft_strmapi.o: src/utils/libft/ft_strmapi.c src/utils/libft/libft.h src/utils/libft/get_next_line.h
#  Implicit rule search has not been done.
#  Modification time never checked.
#  File has not been updated.

src/utils/libft/ft_lstiter.o: src/utils/libft/ft_lstiter.c src/utils/libft/libft.h src/utils/libft/get_next_line.h
#  Implicit rule search has not been done.
#  Modification time never checked.
#  File has not been updated.

# Not a target:
src/enviroment/enviroment.c:
#  Implicit rule search has been done.
#  Last modified 2022-07-22 20:37:16
#  File has been updated.
#  Successfully updated.
# variable set hash-table stats:
# Load=0/32=0%, Rehash=0, Collisions=0/0=0%

# Not a target:
src/utils/libft/ft_strncmp.c:
#  Implicit rule search has not been done.
#  Modification time never checked.
#  File has not been updated.

# Not a target:
src/minishell/minishell_init.c:
#  Implicit rule search has been done.
#  Last modified 2022-07-22 17:57:08
#  File has been updated.
#  Successfully updated.
# variable set hash-table stats:
# Load=0/32=0%, Rehash=0, Collisions=0/0=0%

src/utils/libft/printf/s_specifier.o: src/utils/libft/printf/s_specifier.c src/utils/libft/printf/ft_printf.h src/utils/libft/printf/../libft.h src/utils/libft/printf/../get_next_line.h
#  Implicit rule search has not been done.
#  Modification time never checked.
#  File has not been updated.

# Not a target:
src/utils/libft/ft_isalnum.c:
#  Implicit rule search has not been done.
#  Modification time never checked.
#  File has not been updated.

# Not a target:
.DEFAULT:
#  Implicit rule search has not been done.
#  Modification time never checked.
#  File has not been updated.

# Not a target:
src/utils/libft/ft_lstadd_front.c:
#  Implicit rule search has not been done.
#  Modification time never checked.
#  File has not been updated.

src/utils/libft/ft_memcpy.o: src/utils/libft/ft_memcpy.c src/utils/libft/libft.h src/utils/libft/get_next_line.h
#  Implicit rule search has not been done.
#  Modification time never checked.
#  File has not been updated.

src/utils/libft/ft_itoa.o: src/utils/libft/ft_itoa.c src/utils/libft/libft.h src/utils/libft/get_next_line.h
#  Implicit rule search has not been done.
#  Modification time never checked.
#  File has not been updated.

# Not a target:
src/utils/libft/ft_striteri.d:
#  A default, MAKEFILES, or -include/sinclude makefile.
#  Implicit rule search has been done.
#  Last modified 2022-07-22 20:38:50
#  File has been updated.
#  Successfully updated.
# variable set hash-table stats:
# Load=0/32=0%, Rehash=0, Collisions=0/0=0%

# Not a target:
src/utils/libft/ft_lstdelone.c:
#  Implicit rule search has not been done.
#  Modification time never checked.
#  File has not been updated.

src/utils/libft/ft_memcmp.o: src/utils/libft/ft_memcmp.c src/utils/libft/libft.h src/utils/libft/get_next_line.h
#  Implicit rule search has not been done.
#  Modification time never checked.
#  File has not been updated.

src/utils/libft/ft_tolower.o: src/utils/libft/ft_tolower.c src/utils/libft/libft.h src/utils/libft/get_next_line.h
#  Implicit rule search has not been done.
#  Modification time never checked.
#  File has not been updated.

src/utils/libft/ft_strlen.o: src/utils/libft/ft_strlen.c src/utils/libft/libft.h src/utils/libft/get_next_line.h
#  Implicit rule search has not been done.
 
#  Modification time never checked.
#  File has not been updated.

# Not a target:
src/utils/libft/ft_memmove.c:
#  Implicit rule search has not been done.
#  Modification time never checked.
#  File has not been updated.

src/utils/libft/ft_isdigit.o: src/utils/libft/ft_isdigit.c src/utils/libft/libft.h src/utils/libft/get_next_line.h
#  Implicit rule search has not been done.
#  Modification time never checked.
#  File has not been updated.

# Not a target:
src/utils/libft/ft_strchr.c:
#  Implicit rule search has not been done.
#  Modification time never checked.
#  File has not been updated.

# Not a target:
src/minishell/minishell_env.d:
#  A default, MAKEFILES, or -include/sinclude makefile.
#  Implicit rule search has been done.
#  Last modified 2022-07-22 20:38:48
#  File has been updated.
#  Successfully updated.
# variable set hash-table stats:
# Load=0/32=0%, Rehash=0, Collisions=0/0=0%

# Not a target:
src/process/input_processing.d:
#  A default, MAKEFILES, or -include/sinclude makefile.
#  Implicit rule search has been done.
#  Last modified 2022-07-22 20:38:49
#  File has been updated.
#  Successfully updated.
# variable set hash-table stats:
# Load=0/32=0%, Rehash=0, Collisions=0/0=0%

src/utils/libft/ft_lstlast.o: src/utils/libft/ft_lstlast.c src/utils/libft/libft.h src/utils/libft/get_next_line.h
#  Implicit rule search has not been done.
#  Modification time never checked.
#  File has not been updated.

# Not a target:
src/utils/libft/ft_lstnew.d:
#  A default, MAKEFILES, or -include/sinclude makefile.
#  Implicit rule search has been done.
#  Last modified 2022-07-22 20:38:50
#  File has been updated.
#  Successfully updated.
# variable set hash-table stats:
# Load=0/32=0%, Rehash=0, Collisions=0/0=0%

re: clean all
#  Phony target (prerequisite of .PHONY).
#  Implicit rule search has not been done.
#  File does not exist.
#  File has not been updated.

src/utils/libft/ft_memchr.o: src/utils/libft/ft_memchr.c src/utils/libft/libft.h src/utils/libft/get_next_line.h
#  Implicit rule search has not been done.
#  Modification time never checked.
#  File has not been updated.

# Not a target:
src/utils/libft/ft_toupper.c:
#  Implicit rule search has not been done.
#  Modification time never checked.
#  File has not been updated.

run: all
#  Phony target (prerequisite of .PHONY).
#  Implicit rule search has not been done.
#  File does not exist.
#  File has not been updated.
#  commands to execute (from `Makefile', line 29):
	$(NAME)
	

src/utils/libft/ft_memset.o: src/utils/libft/ft_memset.c src/utils/libft/libft.h src/utils/libft/get_next_line.h
#  Implicit rule search has not been done.
#  Modification time never checked.
#  File has not been updated.

clean:
#  Phony target (prerequisite of .PHONY).
#  Implicit rule search has not been done.
#  File does not exist.
#  File has not been updated.
#  commands to execute (from `Makefile', line 22):
	-@$(RM) $(OBJECTS) $(DEPENDS)
	@echo "Everything is Cleaned !"
	

includes/../src/utils/libft/libft.h:
#  Implicit rule search has been done.
#  Last modified 2022-07-22 17:57:08
#  File has been updated.
#  Successfully updated.
# variable set hash-table stats:
# Load=0/32=0%, Rehash=0, Collisions=0/0=0%

src/utils/libft/printf/ft_printf.h:
#  Implicit rule search has not been done.
#  Modification time never checked.
#  File has not been updated.

src/utils/libft/printf/percent_specifier.o: src/utils/libft/printf/percent_specifier.c src/utils/libft/printf/ft_printf.h src/utils/libft/printf/../libft.h src/utils/libft/printf/../get_next_line.h
#  Implicit rule search has not been done.
#  Modification time never checked.
#  File has not been updated.

# Not a target:
src/process/parser/lexical_analyzer.c:
#  Implicit rule search has been done.
#  Last modified 2022-07-23 22:21:48
#  File has been updated.
#  Successfully updated.
# variable set hash-table stats:
# Load=0/32=0%, Rehash=0, Collisions=0/0=0%

# Not a target:
src/utils/split_utils.c:
#  Implicit rule search has not been done.
#  Modification time never checked.
#  File has not been updated.

# Not a target:
src/utils/libft/ft_strnstr.c:
#  Implicit rule search has not been done.
#  Modification time never checked.
#  File has not been updated.

# Not a target:
src/utils/libft/ft_putstr_fd.c:
#  Implicit rule search has not been done.
#  Modification time never checked.
#  File has not been updated.

includes/utils.h:
#  Implicit rule search has been done.
#  Last modified 2022-07-22 17:57:08
#  File has been updated.
#  Successfully updated.
# variable set hash-table stats:
# Load=0/32=0%, Rehash=0, Collisions=0/0=0%

# Not a target:
src/utils/libft/ft_putnbr_fd.d:
#  A default, MAKEFILES, or -include/sinclude makefile.
#  Implicit rule search has been done.
#  Last modified 2022-07-22 20:38:50
#  File has been updated.
#  Successfully updated.
# variable set hash-table stats:
# Load=0/32=0%, Rehash=0, Collisions=0/0=0%

# Not a target:
src/utils/general_utils.c:
#  Implicit rule search has not been done.
#  Modification time never checked.
#  File has not been updated.

src/utils/libft/ft_strrchr.o: src/utils/libft/ft_strrchr.c src/utils/libft/libft.h src/utils/libft/get_next_line.h
#  Implicit rule search has not been done.
#  Modification time never checked.
#  File has not been updated.

# Not a target:
src/utils/libft/get_next_line.c:
#  Implicit rule search has not been done.
#  Modification time never checked.
#  File has not been updated.

# Not a target:
src/utils/libft/get_next_line_utils.d:
#  A default, MAKEFILES, or -include/sinclude makefile.
#  Implicit rule search has been done.
#  Last modified 2022-07-22 20:38:51
#  File has been updated.
#  Successfully updated.
# variable set hash-table stats:
# Load=0/32=0%, Rehash=0, Collisions=0/0=0%

src/utils/libft/ft_strjoin.o: src/utils/libft/ft_strjoin.c src/utils/libft/libft.h src/utils/libft/get_next_line.h
#  Implicit rule search has not been done.
#  Modification time never checked.
#  File has not been updated.

src/utils/libft/ft_split.o: src/utils/libft/ft_split.c src/utils/libft/libft.h src/utils/libft/get_next_line.h
#  Implicit rule search has not been done.
#  Modification time never checked.
#  File has not been updated.

src/utils/libft/ft_lstclear.o: src/utils/libft/ft_lstclear.c src/utils/libft/libft.h src/utils/libft/get_next_line.h
#  Implicit rule search has not been done.
#  Modification time never checked.
#  File has not been updated.

src/utils/lists_utils.o: src/utils/lists_utils.c includes/minishell.h includes/../src/utils/libft/libft.h includes/../src/utils/libft/get_next_line.h includes/utils.h includes/parser.h
#  Implicit rule search has not been done.
#  Modification time never checked.
#  File has not been updated.

# Not a target:
src/utils/libft/printf/dui_specifier.c:
#  Implicit rule search has not been done.
#  Modification time never checked.
#  File has not been updated.

# Not a target:
src/utils/libft/ft_calloc.d:
#  A default, MAKEFILES, or -include/sinclude makefile.
#  Implicit rule search has been done.
#  Last modified 2022-07-22 20:38:49
#  File has been updated.
#  Successfully updated.
# variable set hash-table stats:
# Load=0/32=0%, Rehash=0, Collisions=0/0=0%

# Not a target:
src/utils/libft/ft_lstmap.c:
#  Implicit rule search has not been done.
#  Modification time never checked.
#  File has not been updated.

# Not a target:
src/utils/libft/ft_substr.d:
#  A default, MAKEFILES, or -include/sinclude makefile.
#  Implicit rule search has been done.
#  Last modified 2022-07-22 20:38:51
#  File has been updated.
#  Successfully updated.
# variable set hash-table stats:
# Load=0/32=0%, Rehash=0, Collisions=0/0=0%

# Not a target:
src/utils/libft/printf/c_specifier.c:
#  Implicit rule search has not been done.
#  Modification time never checked.
#  File has not been updated.

# Not a target:
src/process/parser/semantic_analyzer.c:
#  Implicit rule search has not been done.
#  Modification time never checked.
#  File has not been updated.

 
src/process/parser/syntax_analyzer.o: src/process/parser/syntax_analyzer.c includes/minishell.h includes/../src/utils/libft/libft.h includes/../src/utils/libft/get_next_line.h includes/utils.h includes/parser.h
#  Implicit rule search has not been done.
#  Modification time never checked.
#  File has not been updated.

# Not a target:
src/utils/libft/ft_strdup.c:
#  Implicit rule search has not been done.
#  Modification time never checked.
#  File has not been updated.

# Not a target:
src/utils/libft/printf/others.c:
#  Implicit rule search has not been done.
#  Modification time never checked.
#  File has not been updated.

src/utils/libft/printf/pxX_specifier.o: src/utils/libft/printf/pxX_specifier.c src/utils/libft/printf/ft_printf.h src/utils/libft/printf/../libft.h src/utils/libft/printf/../get_next_line.h
#  Implicit rule search has not been done.
#  Modification time never checked.
#  File has not been updated.

src/utils/libft/printf/../libft.h:
#  Implicit rule search has not been done.
#  Modification time never checked.
#  File has not been updated.

src/utils/libft/ft_strlcat.o: src/utils/libft/ft_strlcat.c src/utils/libft/libft.h src/utils/libft/get_next_line.h
#  Implicit rule search has not been done.
#  Modification time never checked.
#  File has not been updated.

# Not a target:
src/minishell/minishell_env.c:
#  Implicit rule search has been done.
#  Last modified 2022-07-22 17:57:08
#  File has been updated.
#  Successfully updated.
# variable set hash-table stats:
# Load=0/32=0%, Rehash=0, Collisions=0/0=0%

# Not a target:
src/utils/libft/ft_atoi.c:
#  Implicit rule search has not been done.
#  Modification time never checked.
#  File has not been updated.

# Not a target:
src/utils/libft/ft_isascii.c:
#  Implicit rule search has not been done.
#  Modification time never checked.
#  File has not been updated.

# Not a target:
src/utils/libft/printf/pxX_specifier.d:
#  A default, MAKEFILES, or -include/sinclude makefile.
#  Implicit rule search has been done.
#  Last modified 2022-07-22 20:38:51
#  File has been updated.
#  Successfully updated.
# variable set hash-table stats:
# Load=0/32=0%, Rehash=0, Collisions=0/0=0%

# Not a target:
src/utils/libft/ft_isalpha.d:
#  A default, MAKEFILES, or -include/sinclude makefile.
#  Implicit rule search has been done.
#  Last modified 2022-07-22 20:38:49
#  File has been updated.
#  Successfully updated.
# variable set hash-table stats:
# Load=0/32=0%, Rehash=0, Collisions=0/0=0%

# Not a target:
src/utils/libft/ft_lstsize.d:
#  A default, MAKEFILES, or -include/sinclude makefile.
#  Implicit rule search has been done.
#  Last modified 2022-07-22 20:38:50
#  File has been updated.
#  Successfully updated.
# variable set hash-table stats:
# Load=0/32=0%, Rehash=0, Collisions=0/0=0%

# Not a target:
src/utils/libft/ft_strtrim.c:
#  Implicit rule search has not been done.
#  Modification time never checked.
#  File has not been updated.

src/utils/libft/ft_bzero.o: src/utils/libft/ft_bzero.c src/utils/libft/libft.h src/utils/libft/get_next_line.h
#  Implicit rule search has not been done.
#  Modification time never checked.
#  File has not been updated.

# Not a target:
src/utils/libft/ft_isalpha.c:
#  Implicit rule search has not been done.
#  Modification time never checked.
#  File has not been updated.

src/utils/libft/ft_isprint.o: src/utils/libft/ft_isprint.c src/utils/libft/libft.h src/utils/libft/get_next_line.h
#  Implicit rule search has not been done.
#  Modification time never checked.
#  File has not been updated.

src/utils/libft/ft_isascii.o: src/utils/libft/ft_isascii.c src/utils/libft/libft.h src/utils/libft/get_next_line.h
#  Implicit rule search has not been done.
#  Modification time never checked.
#  File has not been updated.

# Not a target:
src/utils/libft/ft_lstadd_back.c:
#  Implicit rule search has not been done.
#  Modification time never checked.
#  File has not been updated.

# Not a target:
src/main.d:
#  A default, MAKEFILES, or -include/sinclude makefile.
#  Implicit rule search has been done.
#  Last modified 2022-07-22 20:38:48
#  File has been updated.
#  Successfully updated.
# variable set hash-table stats:
# Load=0/32=0%, Rehash=0, Collisions=0/0=0%

src/utils/libft/get_next_line.h:
#  Implicit rule search has not been done.
#  Modification time never checked.
#  File has not been updated.

# Not a target:
src/utils/libft/ft_striteri.c:
#  Implicit rule search has not been done.
#  Modification time never checked.
#  File has not been updated.

# Not a target:
src/utils/libft/ft_strlcpy.d:
#  A default, MAKEFILES, or -include/sinclude makefile.
#  Implicit rule search has been done.
#  Last modified 2022-07-22 20:38:50
#  File has been updated.
#  Successfully updated.
# variable set hash-table stats:
# Load=0/32=0%, Rehash=0, Collisions=0/0=0%

# Not a target:
src/utils/libft/ft_putendl_fd.c:
#  Implicit rule search has not been done.
#  Modification time never checked.
#  File has not been updated.

# Not a target:
src/utils/libft/ft_strmapi.c:
#  Implicit rule search has not been done.
#  Modification time never checked.
#  File has not been updated.

# Not a target:
src/utils/libft/ft_lstiter.c:
#  Implicit rule search has not been done.
#  Modification time never checked.
#  File has not been updated.

includes/minishell.h:
#  Implicit rule search has been done.
#  Last modified 2022-07-22 17:57:08
#  File has been updated.
#  Successfully updated.
# variable set hash-table stats:
# Load=0/32=0%, Rehash=0, Collisions=0/0=0%

src/utils/libft/ft_striteri.o: src/utils/libft/ft_striteri.c src/utils/libft/libft.h src/utils/libft/get_next_line.h
#  Implicit rule search has not been done.
#  Modification time never checked.
#  File has not been updated.

# Not a target:
src/utils/libft/ft_lstmap.d:
#  A default, MAKEFILES, or -include/sinclude makefile.
#  Implicit rule search has been done.
#  Last modified 2022-07-22 20:38:50
#  File has been updated.
#  Successfully updated.
# variable set hash-table stats:
# Load=0/32=0%, Rehash=0, Collisions=0/0=0%

# Not a target:
src/utils/libft/printf/ft_printf.d:
#  A default, MAKEFILES, or -include/sinclude makefile.
#  Implicit rule search has been done.
#  Last modified 2022-07-22 20:38:51
#  File has been updated.
#  Successfully updated.
# variable set hash-table stats:
# Load=0/32=0%, Rehash=0, Collisions=0/0=0%

# Not a target:
src/enviroment/enviroment.d:
#  A default, MAKEFILES, or -include/sinclude makefile.
#  Implicit rule search has been done.
#  Last modified 2022-07-22 20:38:48
#  File has been updated.
#  Successfully updated.
# variable set hash-table stats:
# Load=0/32=0%, Rehash=0, Collisions=0/0=0%

# Not a target:
src/utils/libft/ft_strncmp.d:
#  A default, MAKEFILES, or -include/sinclude makefile.
#  Implicit rule search has been done.
#  Last modified 2022-07-22 20:38:50
#  File has been updated.
#  Successfully updated.
# variable set hash-table stats:
# Load=0/32=0%, Rehash=0, Collisions=0/0=0%

src/minishell/minishell_env.o: src/minishell/minishell_env.c src/minishell/minishell_env.c includes/minishell.h includes/../src/utils/libft/libft.h includes/../src/utils/libft/get_next_line.h includes/utils.h includes/parser.h
#  Implicit rule search has been done.
#  Implicit/static pattern stem: `src/minishell/minishell_env'
#  Last modified 2022-07-22 20:38:48
#  File has been updated.
#  Successfully updated.
# variable set hash-table stats:
# Load=0/32=0%, Rehash=0, Collisions=0/0=0%
#  commands to execute (from `Makefile', line 14):
	@$(CC) -Iincludes $(CFLAGS) -MMD -MP -c $< -o $@
	

# Not a target:
src/minishell/minishell_init.d:
#  A default, MAKEFILES, or -include/sinclude makefile.
#  Implicit rule search has been done.
#  Last modified 2022-07-22 20:38:48
#  File has been updated.
#  Successfully updated.
# variable set hash-table stats:
# Load=0/32=0%, Rehash=0, Collisions=0/0=0%

# Not a target:
src/utils/libft/ft_isalnum.d:
#  A default, MAKEFILES, or -include/sinclude makefile.
#  Implicit rule search has been done.
#  Last modified 2022-07-22 20:38:49
#  File has been updated.
#  Successfully updated.
# variable set hash-table stats:
 
# Load=0/32=0%, Rehash=0, Collisions=0/0=0%

src/process/input_processing.o: src/process/input_processing.c src/process/input_processing.c includes/minishell.h includes/../src/utils/libft/libft.h includes/../src/utils/libft/get_next_line.h includes/utils.h includes/parser.h
#  Implicit rule search has been done.
#  Implicit/static pattern stem: `src/process/input_processing'
#  Last modified 2022-07-22 20:38:49
#  File has been updated.
#  Successfully updated.
# variable set hash-table stats:
# Load=0/32=0%, Rehash=0, Collisions=0/0=0%
#  commands to execute (from `Makefile', line 14):
	@$(CC) -Iincludes $(CFLAGS) -MMD -MP -c $< -o $@
	

# Not a target:
src/utils/libft/ft_memcpy.c:
#  Implicit rule search has not been done.
#  Modification time never checked.
#  File has not been updated.

src/utils/libft/ft_lstnew.o: src/utils/libft/ft_lstnew.c src/utils/libft/libft.h src/utils/libft/get_next_line.h
#  Implicit rule search has not been done.
#  Modification time never checked.
#  File has not been updated.

# Not a target:
src/utils/libft/ft_itoa.c:
#  Implicit rule search has not been done.
#  Modification time never checked.
#  File has not been updated.

# Not a target:
src/utils/libft/ft_lstadd_front.d:
#  A default, MAKEFILES, or -include/sinclude makefile.
#  Implicit rule search has been done.
#  Last modified 2022-07-22 20:38:49
#  File has been updated.
#  Successfully updated.
# variable set hash-table stats:
# Load=0/32=0%, Rehash=0, Collisions=0/0=0%

# Not a target:
src/utils/libft/ft_memcmp.c:
#  Implicit rule search has not been done.
#  Modification time never checked.
#  File has not been updated.

# Not a target:
src/utils/libft/ft_strlen.c:
#  Implicit rule search has not been done.
#  Modification time never checked.
#  File has not been updated.

# Not a target:
src/utils/libft/ft_strdup.d:
#  A default, MAKEFILES, or -include/sinclude makefile.
#  Implicit rule search has been done.
#  Last modified 2022-07-22 20:38:50
#  File has been updated.
#  Successfully updated.
# variable set hash-table stats:
# Load=0/32=0%, Rehash=0, Collisions=0/0=0%

# Not a target:
src/utils/libft/ft_lstdelone.d:
#  A default, MAKEFILES, or -include/sinclude makefile.
#  Implicit rule search has been done.
#  Last modified 2022-07-22 20:38:49
#  File has been updated.
#  Successfully updated.
# variable set hash-table stats:
# Load=0/32=0%, Rehash=0, Collisions=0/0=0%

# Not a target:
src/utils/libft/ft_isdigit.c:
#  Implicit rule search has not been done.
#  Modification time never checked.
#  File has not been updated.

# Not a target:
src/utils/libft/ft_putchar_fd.c:
#  Implicit rule search has not been done.
#  Modification time never checked.
#  File has not been updated.

# Not a target:
src/utils/libft/ft_memmove.d:
#  A default, MAKEFILES, or -include/sinclude makefile.
#  Implicit rule search has been done.
#  Last modified 2022-07-22 20:38:50
#  File has been updated.
#  Successfully updated.
# variable set hash-table stats:
# Load=0/32=0%, Rehash=0, Collisions=0/0=0%

# Not a target:
src/utils/libft/ft_strchr.d:
#  A default, MAKEFILES, or -include/sinclude makefile.
#  Implicit rule search has been done.
#  Last modified 2022-07-22 20:38:50
#  File has been updated.
#  Successfully updated.
# variable set hash-table stats:
# Load=0/32=0%, Rehash=0, Collisions=0/0=0%

# files hash-table stats:
# Load=209/1024=20%, Rehash=0, Collisions=55/759=7%
# VPATH Search Paths

# No `vpath' search paths.

# No general (`VPATH' variable) search path.

# # of strings in strcache: 64
# # of strcache buffers: 1
# strcache size: total = 4096 / max = 4096 / min = 4096 / avg = 4096
# strcache free: total = 2187 / max = 2187 / min = 2187 / avg = 2187

# Finished Make data base on Sun Jul 24 20:26:16 2022

 
